<?xml version="1.0" encoding="UTF-8"?>
<coverage generated="1718961939614" clover="3.2.0">
  <project timestamp="1718961939614" name="All files">
    <metrics statements="10" coveredstatements="8" conditionals="0" coveredconditionals="0" methods="1" coveredmethods="0" elements="11" coveredelements="8" complexity="0" loc="10" ncloc="10" packages="1" files="1" classes="1"/>
    <file name="brokerage.service.js" path="/home/student/BrokerageProject/BrokerageApp/app/services/brokerage.service.js">
      <metrics statements="10" coveredstatements="8" conditionals="0" coveredconditionals="0" methods="1" coveredmethods="0"/>
      <line num="1" count="1" type="stmt"/>
      <line num="2" count="1" type="stmt"/>
      <line num="3" count="1" type="stmt"/>
      <line num="4" count="1" type="stmt"/>
      <line num="5" count="0" type="stmt"/>
      <line num="6" count="0" type="stmt"/>
      <line num="7" count="1" type="stmt"/>
      <line num="8" count="1" type="stmt"/>
      <line num="9" count="1" type="stmt"/>
      <line num="10" count="1" type="stmt"/>
    </file>
  </project>
</coverage>
