{"/home/student/BrokerageProject/BrokerageApp/app/services/brokerage.service.js": {"path":"/home/student/BrokerageProject/BrokerageApp/app/services/brokerage.service.js","all":false,"statementMap":{"0":{"start":{"line":1,"column":0},"end":{"line":1,"column":26}},"1":{"start":{"line":2,"column":0},"end":{"line":2,"column":0}},"2":{"start":{"line":3,"column":0},"end":{"line":3,"column":0}},"3":{"start":{"line":4,"column":0},"end":{"line":4,"column":15}},"4":{"start":{"line":5,"column":0},"end":{"line":5,"column":0}},"5":{"start":{"line":6,"column":0},"end":{"line":6,"column":6}},"6":{"start":{"line":7,"column":0},"end":{"line":7,"column":0}},"7":{"start":{"line":8,"column":0},"end":{"line":8,"column":2}},"8":{"start":{"line":9,"column":0},"end":{"line":9,"column":0}},"9":{"start":{"line":10,"column":0},"end":{"line":10,"column":32}}},"s":{"0":1,"1":1,"2":1,"3":1,"4":0,"5":0,"6":1,"7":1,"8":1,"9":1},"branchMap":{},"b":{},"fnMap":{"0":{"name":"generate","decl":{"start":{"line":4,"column":4},"end":{"line":6,"column":6}},"loc":{"start":{"line":4,"column":4},"end":{"line":6,"column":6}},"line":4}},"f":{"0":0}}
}
